SF:lib/model.dart
DA:7,1
DA:19,1
LF:2
LH:2
end_of_record
SF:lib/util.dart
DA:3,1
DA:4,8
LF:2
LH:2
end_of_record
SF:lib/gifscore.dart
DA:9,1
DA:11,1
DA:13,1
DA:14,4
DA:15,1
DA:16,0
DA:17,0
DA:18,0
DA:20,1
DA:21,1
DA:23,1
DA:24,2
DA:25,1
DA:26,3
DA:29,3
DA:31,1
DA:33,2
LF:17
LH:14
end_of_record
SF:lib/api_service.dart
DA:43,0
DA:45,0
DA:48,0
DA:50,0
DA:53,0
DA:55,0
DA:58,0
DA:60,0
LF:8
LH:0
end_of_record
SF:lib/gifreview.dart
DA:11,0
DA:13,0
DA:14,0
DA:22,0
DA:24,0
DA:25,0
DA:27,0
DA:28,0
DA:29,0
DA:31,0
DA:32,0
DA:33,0
DA:36,0
DA:38,0
DA:39,0
DA:40,0
DA:41,0
DA:43,0
DA:44,0
DA:45,0
DA:48,0
DA:49,0
DA:51,0
DA:53,0
DA:56,0
DA:58,0
DA:59,0
DA:60,0
DA:62,0
DA:63,0
DA:64,0
DA:65,0
DA:66,0
LF:33
LH:0
end_of_record
SF:lib/review.dart
DA:8,0
DA:10,0
DA:12,0
DA:13,0
DA:14,0
DA:16,0
DA:17,0
DA:20,0
DA:22,0
LF:9
LH:0
end_of_record
